<?xml version="1.0" encoding="UTF-8"?>
<testsuite xmlns:xsi="http://www.w3.org/2001/XMLSchema-instance" xsi:noNamespaceSchemaLocation="https://maven.apache.org/surefire/maven-surefire-plugin/xsd/surefire-test-report.xsd" name="TestSuite" time="28.714" tests="5" errors="0" skipped="0" failures="5">
  <properties>
    <property name="sun.desktop" value="gnome"/>
    <property name="awt.toolkit" value="sun.awt.X11.XToolkit"/>
    <property name="file.encoding.pkg" value="sun.io"/>
    <property name="java.specification.version" value="1.8"/>
    <property name="log4j.configurationFile" value="${sys:user.home}${sys:file.separator}${LogDir}${sys:file.separator}log4j2.xml"/>
    <property name="sun.cpu.isalist" value=""/>
    <property name="sun.jnu.encoding" value="UTF-8"/>
    <property name="java.class.path" value="/home/amr/EclipseWS/Vezeta/target/test-classes:/home/amr/EclipseWS/Vezeta/target/classes:/home/amr/.m2/repository/org/junit/platform/junit-platform-surefire-provider/1.2.0-M1/junit-platform-surefire-provider-1.2.0-M1.jar:/home/amr/.m2/repository/org/apiguardian/apiguardian-api/1.0.0/apiguardian-api-1.0.0.jar:/home/amr/.m2/repository/org/junit/platform/junit-platform-launcher/1.2.0-M1/junit-platform-launcher-1.2.0-M1.jar:/home/amr/.m2/repository/org/apache/maven/surefire/surefire-api/2.21.0/surefire-api-2.21.0.jar:/home/amr/.m2/repository/org/apache/maven/surefire/surefire-logger-api/2.21.0/surefire-logger-api-2.21.0.jar:/home/amr/.m2/repository/org/apache/maven/surefire/common-java5/2.21.0/common-java5-2.21.0.jar:/home/amr/.m2/repository/org/junit/jupiter/junit-jupiter-engine/5.2.0-M1/junit-jupiter-engine-5.2.0-M1.jar:/home/amr/.m2/repository/org/junit/platform/junit-platform-engine/1.2.0-M1/junit-platform-engine-1.2.0-M1.jar:/home/amr/.m2/repository/org/junit/platform/junit-platform-commons/1.2.0-M1/junit-platform-commons-1.2.0-M1.jar:/home/amr/.m2/repository/org/opentest4j/opentest4j/1.0.0/opentest4j-1.0.0.jar:/home/amr/.m2/repository/org/junit/jupiter/junit-jupiter-api/5.2.0-M1/junit-jupiter-api-5.2.0-M1.jar:/home/amr/.m2/repository/org/testng/testng/6.8.8/testng-6.8.8.jar:/home/amr/.m2/repository/org/beanshell/bsh/2.0b4/bsh-2.0b4.jar:/home/amr/.m2/repository/com/beust/jcommander/1.27/jcommander-1.27.jar:/home/amr/.m2/repository/commons-codec/commons-codec/1.6/commons-codec-1.6.jar:/home/amr/.m2/repository/commons-configuration/commons-configuration/1.10/commons-configuration-1.10.jar:/home/amr/.m2/repository/commons-io/commons-io/2.1/commons-io-2.1.jar:/home/amr/.m2/repository/commons-lang/commons-lang/2.6/commons-lang-2.6.jar:/home/amr/.m2/repository/commons-logging/commons-logging/1.2/commons-logging-1.2.jar:/home/amr/.m2/repository/org/apache/httpcomponents/httpclient/4.2.6/httpclient-4.2.6.jar:/home/amr/.m2/repository/org/apache/httpcomponents/httpcore/4.2.5/httpcore-4.2.5.jar:/home/amr/.m2/repository/org/apache/logging/log4j/log4j-1.2-api/2.8.2/log4j-1.2-api-2.8.2.jar:/home/amr/.m2/repository/org/apache/logging/log4j/log4j-api/2.8.2/log4j-api-2.8.2.jar:/home/amr/.m2/repository/org/apache/logging/log4j/log4j-core/2.8.2/log4j-core-2.8.2.jar:/home/amr/.m2/repository/org/apache/logging/log4j/log4j-flume-ng/2.8.2/log4j-flume-ng-2.8.2.jar:/home/amr/.m2/repository/com/sleepycat/je/5.0.73/je-5.0.73.jar:/home/amr/.m2/repository/org/apache/flume/flume-ng-sdk/1.7.0/flume-ng-sdk-1.7.0.jar:/home/amr/.m2/repository/org/apache/avro/avro/1.7.4/avro-1.7.4.jar:/home/amr/.m2/repository/com/thoughtworks/paranamer/paranamer/2.3/paranamer-2.3.jar:/home/amr/.m2/repository/org/xerial/snappy/snappy-java/1.0.4.1/snappy-java-1.0.4.1.jar:/home/amr/.m2/repository/org/apache/commons/commons-compress/1.4.1/commons-compress-1.4.1.jar:/home/amr/.m2/repository/org/tukaani/xz/1.0/xz-1.0.jar:/home/amr/.m2/repository/org/apache/avro/avro-ipc/1.7.4/avro-ipc-1.7.4.jar:/home/amr/.m2/repository/org/mortbay/jetty/jetty/6.1.26/jetty-6.1.26.jar:/home/amr/.m2/repository/org/mortbay/jetty/jetty-util/6.1.26/jetty-util-6.1.26.jar:/home/amr/.m2/repository/org/apache/velocity/velocity/1.7/velocity-1.7.jar:/home/amr/.m2/repository/commons-collections/commons-collections/3.2.1/commons-collections-3.2.1.jar:/home/amr/.m2/repository/io/netty/netty/3.9.4.Final/netty-3.9.4.Final.jar:/home/amr/.m2/repository/org/apache/thrift/libthrift/0.9.0/libthrift-0.9.0.jar:/home/amr/.m2/repository/org/codehaus/jackson/jackson-core-asl/1.9.13/jackson-core-asl-1.9.13.jar:/home/amr/.m2/repository/org/codehaus/jackson/jackson-mapper-asl/1.9.13/jackson-mapper-asl-1.9.13.jar:/home/amr/.m2/repository/org/apache/logging/log4j/log4j-slf4j-impl/2.8.2/log4j-slf4j-impl-2.8.2.jar:/home/amr/.m2/repository/org/apache/logging/log4j/log4j-taglib/2.8.2/log4j-taglib-2.8.2.jar:/home/amr/.m2/repository/org/apache/logging/log4j/log4j-web/2.8.2/log4j-web-2.8.2.jar:/home/amr/.m2/repository/org/apache/logging/log4j/log4j-nosql/2.8.2/log4j-nosql-2.8.2.jar:/home/amr/.m2/repository/org/seleniumhq/selenium/selenium-server/3.14.0/selenium-server-3.14.0.jar:/home/amr/.m2/repository/org/seleniumhq/selenium/selenium-java/3.14.0/selenium-java-3.14.0.jar:/home/amr/.m2/repository/org/seleniumhq/selenium/selenium-api/3.14.0/selenium-api-3.14.0.jar:/home/amr/.m2/repository/org/seleniumhq/selenium/selenium-chrome-driver/3.14.0/selenium-chrome-driver-3.14.0.jar:/home/amr/.m2/repository/org/seleniumhq/selenium/selenium-edge-driver/3.14.0/selenium-edge-driver-3.14.0.jar:/home/amr/.m2/repository/org/seleniumhq/selenium/selenium-firefox-driver/3.14.0/selenium-firefox-driver-3.14.0.jar:/home/amr/.m2/repository/org/seleniumhq/selenium/selenium-ie-driver/3.14.0/selenium-ie-driver-3.14.0.jar:/home/amr/.m2/repository/org/seleniumhq/selenium/selenium-opera-driver/3.14.0/selenium-opera-driver-3.14.0.jar:/home/amr/.m2/repository/org/seleniumhq/selenium/selenium-remote-driver/3.14.0/selenium-remote-driver-3.14.0.jar:/home/amr/.m2/repository/org/seleniumhq/selenium/selenium-safari-driver/3.14.0/selenium-safari-driver-3.14.0.jar:/home/amr/.m2/repository/org/seleniumhq/selenium/selenium-support/3.14.0/selenium-support-3.14.0.jar:/home/amr/.m2/repository/net/bytebuddy/byte-buddy/1.8.15/byte-buddy-1.8.15.jar:/home/amr/.m2/repository/org/apache/commons/commons-exec/1.3/commons-exec-1.3.jar:/home/amr/.m2/repository/org/apache/commons/commons-lang3/3.7/commons-lang3-3.7.jar:/home/amr/.m2/repository/org/apache/commons/commons-text/1.1/commons-text-1.1.jar:/home/amr/.m2/repository/commons-net/commons-net/3.6/commons-net-3.6.jar:/home/amr/.m2/repository/com/google/guava/guava/25.0-jre/guava-25.0-jre.jar:/home/amr/.m2/repository/com/google/code/findbugs/jsr305/1.3.9/jsr305-1.3.9.jar:/home/amr/.m2/repository/org/checkerframework/checker-compat-qual/2.0.0/checker-compat-qual-2.0.0.jar:/home/amr/.m2/repository/com/google/errorprone/error_prone_annotations/2.1.3/error_prone_annotations-2.1.3.jar:/home/amr/.m2/repository/com/google/j2objc/j2objc-annotations/1.1/j2objc-annotations-1.1.jar:/home/amr/.m2/repository/org/codehaus/mojo/animal-sniffer-annotations/1.14/animal-sniffer-annotations-1.14.jar:/home/amr/.m2/repository/net/sourceforge/htmlunit/htmlunit/2.30/htmlunit-2.30.jar:/home/amr/.m2/repository/net/sourceforge/htmlunit/htmlunit-core-js/2.28/htmlunit-core-js-2.28.jar:/home/amr/.m2/repository/net/sourceforge/htmlunit/htmlunit-cssparser/1.0.0/htmlunit-cssparser-1.0.0.jar:/home/amr/.m2/repository/net/sourceforge/htmlunit/neko-htmlunit/2.30/neko-htmlunit-2.30.jar:/home/amr/.m2/repository/org/apache/httpcomponents/httpmime/4.5.5/httpmime-4.5.5.jar:/home/amr/.m2/repository/net/jcip/jcip-annotations/1.0/jcip-annotations-1.0.jar:/home/amr/.m2/repository/org/seleniumhq/selenium/jetty-repacked/9.4.8.v20180619/jetty-repacked-9.4.8.v20180619.jar:/home/amr/.m2/repository/org/eclipse/jetty/jetty-client/9.4.8.v20180619/jetty-client-9.4.8.v20180619.jar:/home/amr/.m2/repository/org/eclipse/jetty/jetty-http/9.4.8.v20180619/jetty-http-9.4.8.v20180619.jar:/home/amr/.m2/repository/org/eclipse/jetty/jetty-io/9.4.8.v20180619/jetty-io-9.4.8.v20180619.jar:/home/amr/.m2/repository/org/eclipse/jetty/jetty-util/9.4.8.v20180619/jetty-util-9.4.8.v20180619.jar:/home/amr/.m2/repository/org/eclipse/jetty/jetty-xml/9.4.8.v20180619/jetty-xml-9.4.8.v20180619.jar:/home/amr/.m2/repository/com/squareup/okhttp3/okhttp/3.10.0/okhttp-3.10.0.jar:/home/amr/.m2/repository/com/squareup/okio/okio/1.14.1/okio-1.14.1.jar:/home/amr/.m2/repository/org/seleniumhq/selenium/htmlunit-driver/2.30.0/htmlunit-driver-2.30.0.jar:/home/amr/.m2/repository/javax/servlet/javax.servlet-api/3.1.0/javax.servlet-api-3.1.0.jar:/home/amr/.m2/repository/org/eclipse/jetty/websocket/websocket-api/9.4.8.v20180619/websocket-api-9.4.8.v20180619.jar:/home/amr/.m2/repository/org/eclipse/jetty/websocket/websocket-client/9.4.8.v20180619/websocket-client-9.4.8.v20180619.jar:/home/amr/.m2/repository/org/eclipse/jetty/websocket/websocket-common/9.4.8.v20180619/websocket-common-9.4.8.v20180619.jar:/home/amr/.m2/repository/xalan/serializer/2.7.2/serializer-2.7.2.jar:/home/amr/.m2/repository/xalan/xalan/2.7.2/xalan-2.7.2.jar:/home/amr/.m2/repository/xerces/xercesImpl/2.11.0/xercesImpl-2.11.0.jar:/home/amr/.m2/repository/xml-apis/xml-apis/1.4.01/xml-apis-1.4.01.jar:/home/amr/.m2/repository/org/yaml/snakeyaml/1.19/snakeyaml-1.19.jar:/home/amr/.m2/repository/org/slf4j/slf4j-api/1.6.1/slf4j-api-1.6.1.jar:/home/amr/.m2/repository/org/slf4j/slf4j-simple/1.6.1/slf4j-simple-1.6.1.jar:/home/amr/.m2/repository/org/apache/solr/solr-solrj/4.6.1/solr-solrj-4.6.1.jar:/home/amr/.m2/repository/org/apache/zookeeper/zookeeper/3.4.5/zookeeper-3.4.5.jar:/home/amr/.m2/repository/org/codehaus/woodstox/wstx-asl/3.2.7/wstx-asl-3.2.7.jar:/home/amr/.m2/repository/org/noggit/noggit/0.5/noggit-0.5.jar:/home/amr/.m2/repository/javax/mail/mail/1.4/mail-1.4.jar:/home/amr/.m2/repository/javax/activation/activation/1.1/activation-1.1.jar:/home/amr/.m2/repository/junit/junit/4.12/junit-4.12.jar:/home/amr/.m2/repository/org/hamcrest/hamcrest-core/1.3/hamcrest-core-1.3.jar:/home/amr/.m2/repository/org/apache/poi/poi/4.0.1/poi-4.0.1.jar:/home/amr/.m2/repository/org/apache/commons/commons-collections4/4.2/commons-collections4-4.2.jar:/home/amr/.m2/repository/org/apache/commons/commons-math3/3.6.1/commons-math3-3.6.1.jar:/home/amr/.m2/repository/com/googlecode/json-simple/json-simple/1.1/json-simple-1.1.jar:/home/amr/.m2/repository/com/google/code/gson/gson/1.7.1/gson-1.7.1.jar:"/>
    <property name="java.vm.vendor" value="Private Build"/>
    <property name="sun.arch.data.model" value="64"/>
    <property name="java.vendor.url" value="http://java.oracle.com/"/>
    <property name="user.timezone" value=""/>
    <property name="java.vm.specification.version" value="1.8"/>
    <property name="os.name" value="Linux"/>
    <property name="user.country" value="US"/>
    <property name="sun.java.launcher" value="SUN_STANDARD"/>
    <property name="sun.boot.library.path" value="/usr/lib/jvm/java-8-openjdk-amd64/jre/lib/amd64"/>
    <property name="sun.java.command" value="/home/amr/EclipseWS/Vezeta/target/surefire/surefirebooter2785761972959132084.jar /home/amr/EclipseWS/Vezeta/target/surefire 2019-08-03T06-05-35_149-jvmRun1 surefire5292355402174456807tmp surefire_07626601028928940175tmp"/>
    <property name="surefire.test.class.path" value="/home/amr/EclipseWS/Vezeta/target/test-classes:/home/amr/EclipseWS/Vezeta/target/classes:/home/amr/.m2/repository/org/junit/platform/junit-platform-surefire-provider/1.2.0-M1/junit-platform-surefire-provider-1.2.0-M1.jar:/home/amr/.m2/repository/org/apiguardian/apiguardian-api/1.0.0/apiguardian-api-1.0.0.jar:/home/amr/.m2/repository/org/junit/platform/junit-platform-launcher/1.2.0-M1/junit-platform-launcher-1.2.0-M1.jar:/home/amr/.m2/repository/org/apache/maven/surefire/surefire-api/2.21.0/surefire-api-2.21.0.jar:/home/amr/.m2/repository/org/apache/maven/surefire/surefire-logger-api/2.21.0/surefire-logger-api-2.21.0.jar:/home/amr/.m2/repository/org/apache/maven/surefire/common-java5/2.21.0/common-java5-2.21.0.jar:/home/amr/.m2/repository/org/junit/jupiter/junit-jupiter-engine/5.2.0-M1/junit-jupiter-engine-5.2.0-M1.jar:/home/amr/.m2/repository/org/junit/platform/junit-platform-engine/1.2.0-M1/junit-platform-engine-1.2.0-M1.jar:/home/amr/.m2/repository/org/junit/platform/junit-platform-commons/1.2.0-M1/junit-platform-commons-1.2.0-M1.jar:/home/amr/.m2/repository/org/opentest4j/opentest4j/1.0.0/opentest4j-1.0.0.jar:/home/amr/.m2/repository/org/junit/jupiter/junit-jupiter-api/5.2.0-M1/junit-jupiter-api-5.2.0-M1.jar:/home/amr/.m2/repository/org/testng/testng/6.8.8/testng-6.8.8.jar:/home/amr/.m2/repository/org/beanshell/bsh/2.0b4/bsh-2.0b4.jar:/home/amr/.m2/repository/com/beust/jcommander/1.27/jcommander-1.27.jar:/home/amr/.m2/repository/commons-codec/commons-codec/1.6/commons-codec-1.6.jar:/home/amr/.m2/repository/commons-configuration/commons-configuration/1.10/commons-configuration-1.10.jar:/home/amr/.m2/repository/commons-io/commons-io/2.1/commons-io-2.1.jar:/home/amr/.m2/repository/commons-lang/commons-lang/2.6/commons-lang-2.6.jar:/home/amr/.m2/repository/commons-logging/commons-logging/1.2/commons-logging-1.2.jar:/home/amr/.m2/repository/org/apache/httpcomponents/httpclient/4.2.6/httpclient-4.2.6.jar:/home/amr/.m2/repository/org/apache/httpcomponents/httpcore/4.2.5/httpcore-4.2.5.jar:/home/amr/.m2/repository/org/apache/logging/log4j/log4j-1.2-api/2.8.2/log4j-1.2-api-2.8.2.jar:/home/amr/.m2/repository/org/apache/logging/log4j/log4j-api/2.8.2/log4j-api-2.8.2.jar:/home/amr/.m2/repository/org/apache/logging/log4j/log4j-core/2.8.2/log4j-core-2.8.2.jar:/home/amr/.m2/repository/org/apache/logging/log4j/log4j-flume-ng/2.8.2/log4j-flume-ng-2.8.2.jar:/home/amr/.m2/repository/com/sleepycat/je/5.0.73/je-5.0.73.jar:/home/amr/.m2/repository/org/apache/flume/flume-ng-sdk/1.7.0/flume-ng-sdk-1.7.0.jar:/home/amr/.m2/repository/org/apache/avro/avro/1.7.4/avro-1.7.4.jar:/home/amr/.m2/repository/com/thoughtworks/paranamer/paranamer/2.3/paranamer-2.3.jar:/home/amr/.m2/repository/org/xerial/snappy/snappy-java/1.0.4.1/snappy-java-1.0.4.1.jar:/home/amr/.m2/repository/org/apache/commons/commons-compress/1.4.1/commons-compress-1.4.1.jar:/home/amr/.m2/repository/org/tukaani/xz/1.0/xz-1.0.jar:/home/amr/.m2/repository/org/apache/avro/avro-ipc/1.7.4/avro-ipc-1.7.4.jar:/home/amr/.m2/repository/org/mortbay/jetty/jetty/6.1.26/jetty-6.1.26.jar:/home/amr/.m2/repository/org/mortbay/jetty/jetty-util/6.1.26/jetty-util-6.1.26.jar:/home/amr/.m2/repository/org/apache/velocity/velocity/1.7/velocity-1.7.jar:/home/amr/.m2/repository/commons-collections/commons-collections/3.2.1/commons-collections-3.2.1.jar:/home/amr/.m2/repository/io/netty/netty/3.9.4.Final/netty-3.9.4.Final.jar:/home/amr/.m2/repository/org/apache/thrift/libthrift/0.9.0/libthrift-0.9.0.jar:/home/amr/.m2/repository/org/codehaus/jackson/jackson-core-asl/1.9.13/jackson-core-asl-1.9.13.jar:/home/amr/.m2/repository/org/codehaus/jackson/jackson-mapper-asl/1.9.13/jackson-mapper-asl-1.9.13.jar:/home/amr/.m2/repository/org/apache/logging/log4j/log4j-slf4j-impl/2.8.2/log4j-slf4j-impl-2.8.2.jar:/home/amr/.m2/repository/org/apache/logging/log4j/log4j-taglib/2.8.2/log4j-taglib-2.8.2.jar:/home/amr/.m2/repository/org/apache/logging/log4j/log4j-web/2.8.2/log4j-web-2.8.2.jar:/home/amr/.m2/repository/org/apache/logging/log4j/log4j-nosql/2.8.2/log4j-nosql-2.8.2.jar:/home/amr/.m2/repository/org/seleniumhq/selenium/selenium-server/3.14.0/selenium-server-3.14.0.jar:/home/amr/.m2/repository/org/seleniumhq/selenium/selenium-java/3.14.0/selenium-java-3.14.0.jar:/home/amr/.m2/repository/org/seleniumhq/selenium/selenium-api/3.14.0/selenium-api-3.14.0.jar:/home/amr/.m2/repository/org/seleniumhq/selenium/selenium-chrome-driver/3.14.0/selenium-chrome-driver-3.14.0.jar:/home/amr/.m2/repository/org/seleniumhq/selenium/selenium-edge-driver/3.14.0/selenium-edge-driver-3.14.0.jar:/home/amr/.m2/repository/org/seleniumhq/selenium/selenium-firefox-driver/3.14.0/selenium-firefox-driver-3.14.0.jar:/home/amr/.m2/repository/org/seleniumhq/selenium/selenium-ie-driver/3.14.0/selenium-ie-driver-3.14.0.jar:/home/amr/.m2/repository/org/seleniumhq/selenium/selenium-opera-driver/3.14.0/selenium-opera-driver-3.14.0.jar:/home/amr/.m2/repository/org/seleniumhq/selenium/selenium-remote-driver/3.14.0/selenium-remote-driver-3.14.0.jar:/home/amr/.m2/repository/org/seleniumhq/selenium/selenium-safari-driver/3.14.0/selenium-safari-driver-3.14.0.jar:/home/amr/.m2/repository/org/seleniumhq/selenium/selenium-support/3.14.0/selenium-support-3.14.0.jar:/home/amr/.m2/repository/net/bytebuddy/byte-buddy/1.8.15/byte-buddy-1.8.15.jar:/home/amr/.m2/repository/org/apache/commons/commons-exec/1.3/commons-exec-1.3.jar:/home/amr/.m2/repository/org/apache/commons/commons-lang3/3.7/commons-lang3-3.7.jar:/home/amr/.m2/repository/org/apache/commons/commons-text/1.1/commons-text-1.1.jar:/home/amr/.m2/repository/commons-net/commons-net/3.6/commons-net-3.6.jar:/home/amr/.m2/repository/com/google/guava/guava/25.0-jre/guava-25.0-jre.jar:/home/amr/.m2/repository/com/google/code/findbugs/jsr305/1.3.9/jsr305-1.3.9.jar:/home/amr/.m2/repository/org/checkerframework/checker-compat-qual/2.0.0/checker-compat-qual-2.0.0.jar:/home/amr/.m2/repository/com/google/errorprone/error_prone_annotations/2.1.3/error_prone_annotations-2.1.3.jar:/home/amr/.m2/repository/com/google/j2objc/j2objc-annotations/1.1/j2objc-annotations-1.1.jar:/home/amr/.m2/repository/org/codehaus/mojo/animal-sniffer-annotations/1.14/animal-sniffer-annotations-1.14.jar:/home/amr/.m2/repository/net/sourceforge/htmlunit/htmlunit/2.30/htmlunit-2.30.jar:/home/amr/.m2/repository/net/sourceforge/htmlunit/htmlunit-core-js/2.28/htmlunit-core-js-2.28.jar:/home/amr/.m2/repository/net/sourceforge/htmlunit/htmlunit-cssparser/1.0.0/htmlunit-cssparser-1.0.0.jar:/home/amr/.m2/repository/net/sourceforge/htmlunit/neko-htmlunit/2.30/neko-htmlunit-2.30.jar:/home/amr/.m2/repository/org/apache/httpcomponents/httpmime/4.5.5/httpmime-4.5.5.jar:/home/amr/.m2/repository/net/jcip/jcip-annotations/1.0/jcip-annotations-1.0.jar:/home/amr/.m2/repository/org/seleniumhq/selenium/jetty-repacked/9.4.8.v20180619/jetty-repacked-9.4.8.v20180619.jar:/home/amr/.m2/repository/org/eclipse/jetty/jetty-client/9.4.8.v20180619/jetty-client-9.4.8.v20180619.jar:/home/amr/.m2/repository/org/eclipse/jetty/jetty-http/9.4.8.v20180619/jetty-http-9.4.8.v20180619.jar:/home/amr/.m2/repository/org/eclipse/jetty/jetty-io/9.4.8.v20180619/jetty-io-9.4.8.v20180619.jar:/home/amr/.m2/repository/org/eclipse/jetty/jetty-util/9.4.8.v20180619/jetty-util-9.4.8.v20180619.jar:/home/amr/.m2/repository/org/eclipse/jetty/jetty-xml/9.4.8.v20180619/jetty-xml-9.4.8.v20180619.jar:/home/amr/.m2/repository/com/squareup/okhttp3/okhttp/3.10.0/okhttp-3.10.0.jar:/home/amr/.m2/repository/com/squareup/okio/okio/1.14.1/okio-1.14.1.jar:/home/amr/.m2/repository/org/seleniumhq/selenium/htmlunit-driver/2.30.0/htmlunit-driver-2.30.0.jar:/home/amr/.m2/repository/javax/servlet/javax.servlet-api/3.1.0/javax.servlet-api-3.1.0.jar:/home/amr/.m2/repository/org/eclipse/jetty/websocket/websocket-api/9.4.8.v20180619/websocket-api-9.4.8.v20180619.jar:/home/amr/.m2/repository/org/eclipse/jetty/websocket/websocket-client/9.4.8.v20180619/websocket-client-9.4.8.v20180619.jar:/home/amr/.m2/repository/org/eclipse/jetty/websocket/websocket-common/9.4.8.v20180619/websocket-common-9.4.8.v20180619.jar:/home/amr/.m2/repository/xalan/serializer/2.7.2/serializer-2.7.2.jar:/home/amr/.m2/repository/xalan/xalan/2.7.2/xalan-2.7.2.jar:/home/amr/.m2/repository/xerces/xercesImpl/2.11.0/xercesImpl-2.11.0.jar:/home/amr/.m2/repository/xml-apis/xml-apis/1.4.01/xml-apis-1.4.01.jar:/home/amr/.m2/repository/org/yaml/snakeyaml/1.19/snakeyaml-1.19.jar:/home/amr/.m2/repository/org/slf4j/slf4j-api/1.6.1/slf4j-api-1.6.1.jar:/home/amr/.m2/repository/org/slf4j/slf4j-simple/1.6.1/slf4j-simple-1.6.1.jar:/home/amr/.m2/repository/org/apache/solr/solr-solrj/4.6.1/solr-solrj-4.6.1.jar:/home/amr/.m2/repository/org/apache/zookeeper/zookeeper/3.4.5/zookeeper-3.4.5.jar:/home/amr/.m2/repository/org/codehaus/woodstox/wstx-asl/3.2.7/wstx-asl-3.2.7.jar:/home/amr/.m2/repository/org/noggit/noggit/0.5/noggit-0.5.jar:/home/amr/.m2/repository/javax/mail/mail/1.4/mail-1.4.jar:/home/amr/.m2/repository/javax/activation/activation/1.1/activation-1.1.jar:/home/amr/.m2/repository/junit/junit/4.12/junit-4.12.jar:/home/amr/.m2/repository/org/hamcrest/hamcrest-core/1.3/hamcrest-core-1.3.jar:/home/amr/.m2/repository/org/apache/poi/poi/4.0.1/poi-4.0.1.jar:/home/amr/.m2/repository/org/apache/commons/commons-collections4/4.2/commons-collections4-4.2.jar:/home/amr/.m2/repository/org/apache/commons/commons-math3/3.6.1/commons-math3-3.6.1.jar:/home/amr/.m2/repository/com/googlecode/json-simple/json-simple/1.1/json-simple-1.1.jar:/home/amr/.m2/repository/com/google/code/gson/gson/1.7.1/gson-1.7.1.jar:"/>
    <property name="sun.cpu.endian" value="little"/>
    <property name="user.home" value="/home/amr"/>
    <property name="user.language" value="en"/>
    <property name="test.case.ProfilePic" value="/home/amr/Pictures/www.png"/>
    <property name="java.specification.vendor" value="Oracle Corporation"/>
    <property name="test.case.browser" value="chrome"/>
    <property name="java.home" value="/usr/lib/jvm/java-8-openjdk-amd64/jre"/>
    <property name="basedir" value="/home/amr/EclipseWS/Vezeta"/>
    <property name="file.separator" value="/"/>
    <property name="line.separator" value="&#10;"/>
    <property name="java.vm.specification.vendor" value="Oracle Corporation"/>
    <property name="java.specification.name" value="Java Platform API Specification"/>
    <property name="java.awt.graphicsenv" value="sun.awt.X11GraphicsEnvironment"/>
    <property name="test.case.profile" value="/home/amr/.config/google-chrome/Profile 2"/>
    <property name="surefire.real.class.path" value="/home/amr/EclipseWS/Vezeta/target/surefire/surefirebooter2785761972959132084.jar"/>
    <property name="sun.boot.class.path" value="/usr/lib/jvm/java-8-openjdk-amd64/jre/lib/resources.jar:/usr/lib/jvm/java-8-openjdk-amd64/jre/lib/rt.jar:/usr/lib/jvm/java-8-openjdk-amd64/jre/lib/sunrsasign.jar:/usr/lib/jvm/java-8-openjdk-amd64/jre/lib/jsse.jar:/usr/lib/jvm/java-8-openjdk-amd64/jre/lib/jce.jar:/usr/lib/jvm/java-8-openjdk-amd64/jre/lib/charsets.jar:/usr/lib/jvm/java-8-openjdk-amd64/jre/lib/jfr.jar:/usr/lib/jvm/java-8-openjdk-amd64/jre/classes"/>
    <property name="sun.management.compiler" value="HotSpot 64-Bit Tiered Compilers"/>
    <property name="test.case.email" value="veez.linked.asl@gmail.com"/>
    <property name="java.runtime.version" value="1.8.0_222-8u222-b10-1ubuntu1~18.04.1-b10"/>
    <property name="user.name" value="amr"/>
    <property name="path.separator" value=":"/>
    <property name="os.version" value="4.15.0-55-generic"/>
    <property name="java.endorsed.dirs" value="/usr/lib/jvm/java-8-openjdk-amd64/jre/lib/endorsed"/>
    <property name="java.runtime.name" value="OpenJDK Runtime Environment"/>
    <property name="file.encoding" value="UTF-8"/>
    <property name="java.vm.name" value="OpenJDK 64-Bit Server VM"/>
    <property name="localRepository" value="/home/amr/.m2/repository"/>
    <property name="java.vendor.url.bug" value="http://bugreport.sun.com/bugreport/"/>
    <property name="java.io.tmpdir" value="/tmp"/>
    <property name="java.version" value="1.8.0_222"/>
    <property name="user.dir" value="/home/amr/EclipseWS/Vezeta"/>
    <property name="os.arch" value="amd64"/>
    <property name="java.vm.specification.name" value="Java Virtual Machine Specification"/>
    <property name="java.awt.printerjob" value="sun.print.PSPrinterJob"/>
    <property name="sun.os.patch.level" value="unknown"/>
    <property name="java.library.path" value="/usr/java/packages/lib/amd64:/usr/lib/x86_64-linux-gnu/jni:/lib/x86_64-linux-gnu:/usr/lib/x86_64-linux-gnu:/usr/lib/jni:/lib:/usr/lib"/>
    <property name="java.vm.info" value="mixed mode"/>
    <property name="java.vendor" value="Private Build"/>
    <property name="java.vm.version" value="25.222-b10"/>
    <property name="java.ext.dirs" value="/usr/lib/jvm/java-8-openjdk-amd64/jre/lib/ext:/usr/java/packages/lib/ext"/>
    <property name="sun.io.unicode.encoding" value="UnicodeLittle"/>
    <property name="java.class.version" value="52.0"/>
  </properties>
  <testcase name="CreateProfile" classname="Vezeta.Vezeta.LinkedInFF" time="25.499">
    <failure message="org.openqa.selenium.WebDriverException: chrome not reachable&#10;  (Session info: chrome=76.0.3809.87)&#10;Build info: version: &apos;3.14.0&apos;, revision: &apos;aacccce0&apos;, time: &apos;2018-08-02T20:19:58.91Z&apos;&#10;System info: host: &apos;Elkholy&apos;, ip: &apos;127.0.1.1&apos;, os.name: &apos;Linux&apos;, os.arch: &apos;amd64&apos;, os.version: &apos;4.15.0-55-generic&apos;, java.version: &apos;1.8.0_222&apos;&#10;Driver info: org.openqa.selenium.chrome.ChromeDriver&#10;Capabilities {acceptInsecureCerts: false, browserName: chrome, browserVersion: 76.0.3809.87, chrome: {chromedriverVersion: 76.0.3809.68 (420c9498db8ce..., userDataDir: /tmp/.com.google.Chrome.sXFga0}, goog:chromeOptions: {debuggerAddress: localhost:46835}, javascriptEnabled: true, networkConnectionEnabled: false, pageLoadStrategy: normal, platform: LINUX, platformName: LINUX, proxy: Proxy(), setWindowRect: true, strictFileInteractability: false, timeouts: {implicit: 0, pageLoad: 300000, script: 30000}, unhandledPromptBehavior: dismiss and notify}&#10;Session ID: 63c4609b3a705095cf46f136a416d347&#10;*** Element info: {Using=xpath, value=//a[text()=&apos;Join now&apos;]}" type="java.lang.RuntimeException">java.lang.RuntimeException: 
org.openqa.selenium.WebDriverException: chrome not reachable
  (Session info: chrome=76.0.3809.87)
Build info: version: '3.14.0', revision: 'aacccce0', time: '2018-08-02T20:19:58.91Z'
System info: host: 'Elkholy', ip: '127.0.1.1', os.name: 'Linux', os.arch: 'amd64', os.version: '4.15.0-55-generic', java.version: '1.8.0_222'
Driver info: org.openqa.selenium.chrome.ChromeDriver
Capabilities {acceptInsecureCerts: false, browserName: chrome, browserVersion: 76.0.3809.87, chrome: {chromedriverVersion: 76.0.3809.68 (420c9498db8ce..., userDataDir: /tmp/.com.google.Chrome.sXFga0}, goog:chromeOptions: {debuggerAddress: localhost:46835}, javascriptEnabled: true, networkConnectionEnabled: false, pageLoadStrategy: normal, platform: LINUX, platformName: LINUX, proxy: Proxy(), setWindowRect: true, strictFileInteractability: false, timeouts: {implicit: 0, pageLoad: 300000, script: 30000}, unhandledPromptBehavior: dismiss and notify}
Session ID: 63c4609b3a705095cf46f136a416d347
*** Element info: {Using=xpath, value=//a[text()='Join now']}
	at Vezeta.Vezeta.LinkedInFF.CreateProfile(LinkedInFF.java:178)
Caused by: org.openqa.selenium.WebDriverException: 
chrome not reachable
  (Session info: chrome=76.0.3809.87)
Build info: version: '3.14.0', revision: 'aacccce0', time: '2018-08-02T20:19:58.91Z'
System info: host: 'Elkholy', ip: '127.0.1.1', os.name: 'Linux', os.arch: 'amd64', os.version: '4.15.0-55-generic', java.version: '1.8.0_222'
Driver info: org.openqa.selenium.chrome.ChromeDriver
Capabilities {acceptInsecureCerts: false, browserName: chrome, browserVersion: 76.0.3809.87, chrome: {chromedriverVersion: 76.0.3809.68 (420c9498db8ce..., userDataDir: /tmp/.com.google.Chrome.sXFga0}, goog:chromeOptions: {debuggerAddress: localhost:46835}, javascriptEnabled: true, networkConnectionEnabled: false, pageLoadStrategy: normal, platform: LINUX, platformName: LINUX, proxy: Proxy(), setWindowRect: true, strictFileInteractability: false, timeouts: {implicit: 0, pageLoad: 300000, script: 30000}, unhandledPromptBehavior: dismiss and notify}
Session ID: 63c4609b3a705095cf46f136a416d347
*** Element info: {Using=xpath, value=//a[text()='Join now']}
	at Vezeta.Vezeta.LinkedInFF.isElementPresent(LinkedInFF.java:69)
	at Vezeta.Vezeta.LinkedInFF.CreateProfile(LinkedInFF.java:175)
</failure>
    <system-err><![CDATA[>>>>>Server167.249.181.191:3128
>>>>>>>>>>>>>>>>>nullStarting ChromeDriver 76.0.3809.68 (420c9498db8ce8fcd190a954d51297672c1515d5-refs/branch-heads/3809@{#864}) on port 11062
Only local connections are allowed.
Please protect ports used by ChromeDriver and related test frameworks to prevent access by malicious code.
Aug 03, 2019 6:05:37 AM org.openqa.selenium.remote.ProtocolHandshake createSession
INFO: Detected dialect: W3C
Starting ChromeDriver 76.0.3809.68 (420c9498db8ce8fcd190a954d51297672c1515d5-refs/branch-heads/3809@{#864}) on port 23411
Only local connections are allowed.
Please protect ports used by ChromeDriver and related test frameworks to prevent access by malicious code.
Aug 03, 2019 6:05:38 AM org.openqa.selenium.remote.ProtocolHandshake createSession
INFO: Detected dialect: W3C
]]></system-err>
  </testcase>
  <testcase name="getConfCode" classname="Vezeta.Vezeta.LinkedInFF" time="0.796">
    <failure message="org.openqa.selenium.WebDriverException: chrome not reachable&#10;  (Session info: chrome=76.0.3809.87)&#10;Build info: version: &apos;3.14.0&apos;, revision: &apos;aacccce0&apos;, time: &apos;2018-08-02T20:19:58.91Z&apos;&#10;System info: host: &apos;Elkholy&apos;, ip: &apos;127.0.1.1&apos;, os.name: &apos;Linux&apos;, os.arch: &apos;amd64&apos;, os.version: &apos;4.15.0-55-generic&apos;, java.version: &apos;1.8.0_222&apos;&#10;Driver info: org.openqa.selenium.chrome.ChromeDriver&#10;Capabilities {acceptInsecureCerts: false, browserName: chrome, browserVersion: 76.0.3809.87, chrome: {chromedriverVersion: 76.0.3809.68 (420c9498db8ce..., userDataDir: /tmp/.com.google.Chrome.ceD8lS}, goog:chromeOptions: {debuggerAddress: localhost:37471}, javascriptEnabled: true, networkConnectionEnabled: false, pageLoadStrategy: normal, platform: LINUX, platformName: LINUX, proxy: Proxy(), setWindowRect: true, strictFileInteractability: false, timeouts: {implicit: 0, pageLoad: 300000, script: 30000}, unhandledPromptBehavior: dismiss and notify}&#10;Session ID: db5a7d0ac5c23b7949cc041b05d29a95&#10;*** Element info: {Using=xpath, value=//span[@name=&apos;LinkedIn Messages&apos;][@email=&apos;security-noreply@linkedin.com&apos;])[2]}" type="java.lang.RuntimeException">java.lang.RuntimeException: 
org.openqa.selenium.WebDriverException: chrome not reachable
  (Session info: chrome=76.0.3809.87)
Build info: version: '3.14.0', revision: 'aacccce0', time: '2018-08-02T20:19:58.91Z'
System info: host: 'Elkholy', ip: '127.0.1.1', os.name: 'Linux', os.arch: 'amd64', os.version: '4.15.0-55-generic', java.version: '1.8.0_222'
Driver info: org.openqa.selenium.chrome.ChromeDriver
Capabilities {acceptInsecureCerts: false, browserName: chrome, browserVersion: 76.0.3809.87, chrome: {chromedriverVersion: 76.0.3809.68 (420c9498db8ce..., userDataDir: /tmp/.com.google.Chrome.ceD8lS}, goog:chromeOptions: {debuggerAddress: localhost:37471}, javascriptEnabled: true, networkConnectionEnabled: false, pageLoadStrategy: normal, platform: LINUX, platformName: LINUX, proxy: Proxy(), setWindowRect: true, strictFileInteractability: false, timeouts: {implicit: 0, pageLoad: 300000, script: 30000}, unhandledPromptBehavior: dismiss and notify}
Session ID: db5a7d0ac5c23b7949cc041b05d29a95
*** Element info: {Using=xpath, value=//span[@name='LinkedIn Messages'][@email='security-noreply@linkedin.com'])[2]}
	at Vezeta.Vezeta.LinkedInFF.getConfCode(LinkedInFF.java:331)
Caused by: org.openqa.selenium.WebDriverException: 
chrome not reachable
  (Session info: chrome=76.0.3809.87)
Build info: version: '3.14.0', revision: 'aacccce0', time: '2018-08-02T20:19:58.91Z'
System info: host: 'Elkholy', ip: '127.0.1.1', os.name: 'Linux', os.arch: 'amd64', os.version: '4.15.0-55-generic', java.version: '1.8.0_222'
Driver info: org.openqa.selenium.chrome.ChromeDriver
Capabilities {acceptInsecureCerts: false, browserName: chrome, browserVersion: 76.0.3809.87, chrome: {chromedriverVersion: 76.0.3809.68 (420c9498db8ce..., userDataDir: /tmp/.com.google.Chrome.ceD8lS}, goog:chromeOptions: {debuggerAddress: localhost:37471}, javascriptEnabled: true, networkConnectionEnabled: false, pageLoadStrategy: normal, platform: LINUX, platformName: LINUX, proxy: Proxy(), setWindowRect: true, strictFileInteractability: false, timeouts: {implicit: 0, pageLoad: 300000, script: 30000}, unhandledPromptBehavior: dismiss and notify}
Session ID: db5a7d0ac5c23b7949cc041b05d29a95
*** Element info: {Using=xpath, value=//span[@name='LinkedIn Messages'][@email='security-noreply@linkedin.com'])[2]}
	at Vezeta.Vezeta.LinkedInFF.isElementPresent(LinkedInFF.java:69)
	at Vezeta.Vezeta.LinkedInFF.getConfCode(LinkedInFF.java:328)
</failure>
    <system-err><![CDATA[[1564805164.539][SEVERE]: Unable to receive message from renderer
]]></system-err>
  </testcase>
  <testcase name="linkedinConf" classname="Vezeta.Vezeta.LinkedInFF" time="0.008">
    <failure message="chrome not reachable&#10;  (Session info: chrome=76.0.3809.87)&#10;Build info: version: &apos;3.14.0&apos;, revision: &apos;aacccce0&apos;, time: &apos;2018-08-02T20:19:58.91Z&apos;&#10;System info: host: &apos;Elkholy&apos;, ip: &apos;127.0.1.1&apos;, os.name: &apos;Linux&apos;, os.arch: &apos;amd64&apos;, os.version: &apos;4.15.0-55-generic&apos;, java.version: &apos;1.8.0_222&apos;&#10;Driver info: org.openqa.selenium.chrome.ChromeDriver&#10;Capabilities {acceptInsecureCerts: false, browserName: chrome, browserVersion: 76.0.3809.87, chrome: {chromedriverVersion: 76.0.3809.68 (420c9498db8ce..., userDataDir: /tmp/.com.google.Chrome.sXFga0}, goog:chromeOptions: {debuggerAddress: localhost:46835}, javascriptEnabled: true, networkConnectionEnabled: false, pageLoadStrategy: normal, platform: LINUX, platformName: LINUX, proxy: Proxy(), setWindowRect: true, strictFileInteractability: false, timeouts: {implicit: 0, pageLoad: 300000, script: 30000}, unhandledPromptBehavior: dismiss and notify}&#10;Session ID: 63c4609b3a705095cf46f136a416d347&#10;*** Element info: {Using=id, value=email-confirmation-input}" type="org.openqa.selenium.WebDriverException">org.openqa.selenium.WebDriverException: 
chrome not reachable
  (Session info: chrome=76.0.3809.87)
Build info: version: '3.14.0', revision: 'aacccce0', time: '2018-08-02T20:19:58.91Z'
System info: host: 'Elkholy', ip: '127.0.1.1', os.name: 'Linux', os.arch: 'amd64', os.version: '4.15.0-55-generic', java.version: '1.8.0_222'
Driver info: org.openqa.selenium.chrome.ChromeDriver
Capabilities {acceptInsecureCerts: false, browserName: chrome, browserVersion: 76.0.3809.87, chrome: {chromedriverVersion: 76.0.3809.68 (420c9498db8ce..., userDataDir: /tmp/.com.google.Chrome.sXFga0}, goog:chromeOptions: {debuggerAddress: localhost:46835}, javascriptEnabled: true, networkConnectionEnabled: false, pageLoadStrategy: normal, platform: LINUX, platformName: LINUX, proxy: Proxy(), setWindowRect: true, strictFileInteractability: false, timeouts: {implicit: 0, pageLoad: 300000, script: 30000}, unhandledPromptBehavior: dismiss and notify}
Session ID: 63c4609b3a705095cf46f136a416d347
*** Element info: {Using=id, value=email-confirmation-input}
	at Vezeta.Vezeta.LinkedInFF.linkedinConf(LinkedInFF.java:373)
</failure>
  </testcase>
  <testcase name="editProfile" classname="Vezeta.Vezeta.LinkedInFF" time="0.009">
    <failure message="chrome not reachable&#10;  (Session info: chrome=76.0.3809.87)&#10;Build info: version: &apos;3.14.0&apos;, revision: &apos;aacccce0&apos;, time: &apos;2018-08-02T20:19:58.91Z&apos;&#10;System info: host: &apos;Elkholy&apos;, ip: &apos;127.0.1.1&apos;, os.name: &apos;Linux&apos;, os.arch: &apos;amd64&apos;, os.version: &apos;4.15.0-55-generic&apos;, java.version: &apos;1.8.0_222&apos;&#10;Driver info: org.openqa.selenium.chrome.ChromeDriver&#10;Capabilities {acceptInsecureCerts: false, browserName: chrome, browserVersion: 76.0.3809.87, chrome: {chromedriverVersion: 76.0.3809.68 (420c9498db8ce..., userDataDir: /tmp/.com.google.Chrome.sXFga0}, goog:chromeOptions: {debuggerAddress: localhost:46835}, javascriptEnabled: true, networkConnectionEnabled: false, pageLoadStrategy: normal, platform: LINUX, platformName: LINUX, proxy: Proxy(), setWindowRect: true, strictFileInteractability: false, timeouts: {implicit: 0, pageLoad: 300000, script: 30000}, unhandledPromptBehavior: dismiss and notify}&#10;Session ID: 63c4609b3a705095cf46f136a416d347" type="org.openqa.selenium.WebDriverException">org.openqa.selenium.WebDriverException: 
chrome not reachable
  (Session info: chrome=76.0.3809.87)
Build info: version: '3.14.0', revision: 'aacccce0', time: '2018-08-02T20:19:58.91Z'
System info: host: 'Elkholy', ip: '127.0.1.1', os.name: 'Linux', os.arch: 'amd64', os.version: '4.15.0-55-generic', java.version: '1.8.0_222'
Driver info: org.openqa.selenium.chrome.ChromeDriver
Capabilities {acceptInsecureCerts: false, browserName: chrome, browserVersion: 76.0.3809.87, chrome: {chromedriverVersion: 76.0.3809.68 (420c9498db8ce..., userDataDir: /tmp/.com.google.Chrome.sXFga0}, goog:chromeOptions: {debuggerAddress: localhost:46835}, javascriptEnabled: true, networkConnectionEnabled: false, pageLoadStrategy: normal, platform: LINUX, platformName: LINUX, proxy: Proxy(), setWindowRect: true, strictFileInteractability: false, timeouts: {implicit: 0, pageLoad: 300000, script: 30000}, unhandledPromptBehavior: dismiss and notify}
Session ID: 63c4609b3a705095cf46f136a416d347
	at Vezeta.Vezeta.LinkedInFF.editProfile(LinkedInFF.java:380)
</failure>
  </testcase>
  <testcase name="LinkedInSignOutForgetPass" classname="Vezeta.Vezeta.LinkedInFF" time="0.008">
    <failure message="org.openqa.selenium.WebDriverException: chrome not reachable&#10;  (Session info: chrome=76.0.3809.87)&#10;Build info: version: &apos;3.14.0&apos;, revision: &apos;aacccce0&apos;, time: &apos;2018-08-02T20:19:58.91Z&apos;&#10;System info: host: &apos;Elkholy&apos;, ip: &apos;127.0.1.1&apos;, os.name: &apos;Linux&apos;, os.arch: &apos;amd64&apos;, os.version: &apos;4.15.0-55-generic&apos;, java.version: &apos;1.8.0_222&apos;&#10;Driver info: org.openqa.selenium.chrome.ChromeDriver&#10;Capabilities {acceptInsecureCerts: false, browserName: chrome, browserVersion: 76.0.3809.87, chrome: {chromedriverVersion: 76.0.3809.68 (420c9498db8ce..., userDataDir: /tmp/.com.google.Chrome.sXFga0}, goog:chromeOptions: {debuggerAddress: localhost:46835}, javascriptEnabled: true, networkConnectionEnabled: false, pageLoadStrategy: normal, platform: LINUX, platformName: LINUX, proxy: Proxy(), setWindowRect: true, strictFileInteractability: false, timeouts: {implicit: 0, pageLoad: 300000, script: 30000}, unhandledPromptBehavior: dismiss and notify}&#10;Session ID: 63c4609b3a705095cf46f136a416d347&#10;*** Element info: {Using=css selector, value=#nav-settings__dropdown-trigger [alt]}" type="java.lang.RuntimeException">java.lang.RuntimeException: 
org.openqa.selenium.WebDriverException: chrome not reachable
  (Session info: chrome=76.0.3809.87)
Build info: version: '3.14.0', revision: 'aacccce0', time: '2018-08-02T20:19:58.91Z'
System info: host: 'Elkholy', ip: '127.0.1.1', os.name: 'Linux', os.arch: 'amd64', os.version: '4.15.0-55-generic', java.version: '1.8.0_222'
Driver info: org.openqa.selenium.chrome.ChromeDriver
Capabilities {acceptInsecureCerts: false, browserName: chrome, browserVersion: 76.0.3809.87, chrome: {chromedriverVersion: 76.0.3809.68 (420c9498db8ce..., userDataDir: /tmp/.com.google.Chrome.sXFga0}, goog:chromeOptions: {debuggerAddress: localhost:46835}, javascriptEnabled: true, networkConnectionEnabled: false, pageLoadStrategy: normal, platform: LINUX, platformName: LINUX, proxy: Proxy(), setWindowRect: true, strictFileInteractability: false, timeouts: {implicit: 0, pageLoad: 300000, script: 30000}, unhandledPromptBehavior: dismiss and notify}
Session ID: 63c4609b3a705095cf46f136a416d347
*** Element info: {Using=css selector, value=#nav-settings__dropdown-trigger [alt]}
	at Vezeta.Vezeta.LinkedInFF.LinkedInSignOutForgetPass(LinkedInFF.java:640)
Caused by: org.openqa.selenium.WebDriverException: 
chrome not reachable
  (Session info: chrome=76.0.3809.87)
Build info: version: '3.14.0', revision: 'aacccce0', time: '2018-08-02T20:19:58.91Z'
System info: host: 'Elkholy', ip: '127.0.1.1', os.name: 'Linux', os.arch: 'amd64', os.version: '4.15.0-55-generic', java.version: '1.8.0_222'
Driver info: org.openqa.selenium.chrome.ChromeDriver
Capabilities {acceptInsecureCerts: false, browserName: chrome, browserVersion: 76.0.3809.87, chrome: {chromedriverVersion: 76.0.3809.68 (420c9498db8ce..., userDataDir: /tmp/.com.google.Chrome.sXFga0}, goog:chromeOptions: {debuggerAddress: localhost:46835}, javascriptEnabled: true, networkConnectionEnabled: false, pageLoadStrategy: normal, platform: LINUX, platformName: LINUX, proxy: Proxy(), setWindowRect: true, strictFileInteractability: false, timeouts: {implicit: 0, pageLoad: 300000, script: 30000}, unhandledPromptBehavior: dismiss and notify}
Session ID: 63c4609b3a705095cf46f136a416d347
*** Element info: {Using=css selector, value=#nav-settings__dropdown-trigger [alt]}
	at Vezeta.Vezeta.LinkedInFF.isElementPresent(LinkedInFF.java:69)
	at Vezeta.Vezeta.LinkedInFF.LinkedInSignOutForgetPass(LinkedInFF.java:637)
</failure>
  </testcase>
</testsuite>